
  Loading design 'UART'




Information: The design has 8053 physical cells. (PSYN-105)
Information: Library Manufacturing Grid(GridResolution) : 5
Information: Time Unit from Milkyway design library: 'ns' 
Information: Design Library and main library timing units are matched - 1.000 ns. 
Information: Resistance Unit from Milkyway design library: 'kohm' 
Warning: Mismatch in the main library and the Milkyway library resistance units. In the main library it is 1000.000 kohm and in the Milkyway design library it is 1.000 kohm. Check and correct the resistance units in the .tf and .db files. (PSYN-476)
Information: Capacitance Unit from Milkyway design library: 'ff' 
Information: Design Library and main library capacitance units are matched - 0.001 pf. 
Information: Layer metal7 is ignored for resistance and capacitance computation. (RCEX-019)
Information: Layer metal8 is ignored for resistance and capacitance computation. (RCEX-019)
Information: Layer metal9 is ignored for resistance and capacitance computation. (RCEX-019)
Information: Layer metal10 is ignored for resistance and capacitance computation. (RCEX-019)
Information: The distance unit in Capacitance and Resistance is 1 micron. (RCEX-007)
Information: The RC model used is detail route TLU+. (RCEX-015)
Information: Start mixed mode parasitic extraction. (RCEX-023)
Information: Start rc extraction...
Memory usage for extraction task 222 Mbytes -- main task 1011 Mbytes.
Information: Parasitic source is LPE. (RCEX-040)
Information: Parasitic mode is RealRC. (RCEX-041)
Information: Using virtual shield extraction. (RCEX-081)
Information: Extraction mode is MIN_MAX. (RCEX-042)
Information: Extraction derate is -40/-40/-40. (RCEX-043)
Information: Coupling capacitances are explicitly created. (RCEX-044)
Information: Start back annotation for parasitic extraction. (RCEX-023)
Information: End back annotation for parasitic extraction. (RCEX-023)
Information: Start timing update for parasitic extraction. (RCEX-023)
Information: End timing update for parasitic extraction. (RCEX-023)
Information: End parasitic extraction. (RCEX-023)
Information: Updating graph... (UID-83)

************************************************************
SI options:
Delta Delay Computation:           true
Static Noise Computation:          true
Timing window analysis for SI:     true
Reselection in timing window:      false
Min Delta Delay for SI:            true
Analysis Effort:                   medium
Max Transition Mode:               normal_slew
Static Noise Thresholds:           0.35 (0.33V) above low
                                   0.35 (0.33V) below high
Route xtalk prevention:            true
Route xtalk prevention threshold:  0.35
************************************************************

Information: Updating design information... (UID-85)

************************************************************
SI options:
Delta Delay Computation:           true
Static Noise Computation:          true
Timing window analysis for SI:     true
Reselection in timing window:      false
Min Delta Delay for SI:            true
Analysis Effort:                   medium
Max Transition Mode:               normal_slew
Static Noise Thresholds:           0.35 (0.33V) above low
                                   0.35 (0.33V) below high
Route xtalk prevention:            true
Route xtalk prevention threshold:  0.35
************************************************************

Information: Input delay ('rise') on clock port 'clk' will be added to the clock's propagated skew. (TIM-112)
Information: Input delay ('fall') on clock port 'clk' will be added to the clock's propagated skew. (TIM-112)
Information: Total 58768 nets in the design, 645 nets have timing window. (TIM-180)
Information: Input delay ('rise') on clock port 'clk' will be added to the clock's propagated skew. (TIM-112)
Information: Input delay ('fall') on clock port 'clk' will be added to the clock's propagated skew. (TIM-112)
 
****************************************
Report : qor
Design : UART
Version: G-2012.06-ICC-SP2
Date   : Wed May 10 11:00:50 2017
****************************************



  Cell Count
  -----------------------------------
  Hierarchical Cell Count:         16
  Hierarchical Port Count:        656
  Leaf Cell Count:              54416
  Buf/Inv Cell Count:           41598
  CT Buf/Inv Cell Count:          644
  Combinational Cell Count:     50162
  Sequential Cell Count:         4254
  Macro Count:                      0
  -----------------------------------


  Area
  -----------------------------------
  Combinational Area:    35921.172240
  Noncombinational Area: 19361.873355
  Buf/Inv Area:          23598.722088
  Net Area:                  0.000000
  Net XLength        :      510220.84
  Net YLength        :      359439.38
  -----------------------------------
  Cell Area:             55283.045595
  Design Area:           55283.045595
  Net Length        :       869660.25


  Design Rules
  -----------------------------------
  Total Number of Nets:         55586
  Nets With Violations:            23
  Max Trans Violations:             0
  Max Cap Violations:              23
  -----------------------------------


  Hostname: localhost.localdomain

  Compile CPU Statistics
  -----------------------------------------
  Resource Sharing:                    0.00
  Logic Optimization:                  0.00
  Mapping Optimization:              180.22
  -----------------------------------------
  Overall Compile Time:              181.12
  Overall Compile Wall Clock Time:   205.73

1
