----------------------------------------
Report  : report_design_physical
          -utilization
Date    : Wed May 10 11:05:18 2017
Version : G-2012.06-ICC-SP2
--------------------------------------------------------------------------------
                            UTILIZATION INFORMATION
--------------------------------------------------------------------------------
BLOCKAGES SECTION
-----------------
BLK Type           Count  Area(um^2)   AreaOutsideCore(um^2)
                                                           BlockedSites(unit)
Hard Placement Blockage
                       0        0.00        0.00           0
Soft Placement Blockage
                       0        0.00        0.00           ---
Partial Placement Blockage
                       0        0.00        0.00           ---
Macro Cell             0        0.00        0.00           0
Pad Cell               0        0.00        0.00           0
Fixed Standard Cell
                    8697     4805.56        0.00           18066
Hard Keepout Margin Derived
                       0        0.00        0.00           0
Soft Keepout Margin Derived
                       0        0.00        0.00           ---
Complete PNet        ---        0.00        0.00           0
Partial PNet         ---        0.00        0.00           ---
Voltage Area Guardband
                       0        0.00        0.00           0
Exclusive Movebound Guardband
                       0        0.00        0.00           ---
Hard Keepout Distance Blockage
                       0        0.00        0.00           0
Chimney Area         ---        0.00        0.00           0

CELL INSTANCE SECTION
---------------------

 Cell Instance Type       Count           Area
  Placed Cells           237178      331148.45
    Fixed Cells            8053        4284.20
    Soft Fixed Cells         40          95.76
  Unplaced Cells              0           0.00

UTILIZATION RATIOS
------------------
Chip area           : 360306.06
Core area           : 331148.45
  SiteRow area      : 331148.45
Cell/Core Ratio     : 98.7063%
Cell/Chip Ratio     : 90.7185%
(A) Logical cell sites (non-fixed) :       205871
(B) Logical cell sites (fixed) :         1960
(C) All blocked sites :        18066
(D) Total core sites :      1244919
Cell Utilization(non-fixed) = 16.78% (A) / (D - C)
                                              (205871) / (1244919 - 18066)
Cell Utilization(non-fixed + fixed) = 16.91% (A + B) / (D - (C - B))
                                              (205871 + 1960) / (1244919 - (18066 - 1960))
Blockage Percentage = 1.45% (C) / (D)
                                              (18066) / (1244919)

PNET OPTIONS INFORMATION
------------------------
Layer     Blockage MinWidth  MinHeight Via_additive    Density   DER minWidth
                                                                            DER minHeight
metal1    none        ---       ---    Via additive     ---         ---        ---
metal2    none        ---       ---    Via additive     ---         ---        ---
metal3    none        ---       ---    Via additive     ---         ---        ---
metal4    none        ---       ---    Via additive     ---         ---        ---
metal5    none        ---       ---    Via additive     ---         ---        ---
metal6    none        ---       ---    Via additive     ---         ---        ---
metal7    none        ---       ---    Via additive     ---         ---        ---
metal8    none        ---       ---    Via additive     ---         ---        ---
metal9    none        ---       ---    Via additive     ---         ---        ---
metal10   none        ---       ---    Via additive     ---         ---        ---
